#
# There is insufficient memory for the Java Runtime Environment to continue.
# Native memory allocation (mmap) failed to map 134217728 bytes for G1 virtual space
# Possible reasons:
#   The system is out of physical RAM or swap space
#   The process is running with CompressedOops enabled, and the Java Heap may be blocking the growth of the native heap
# Possible solutions:
#   Reduce memory load on the system
#   Increase physical memory or swap space
#   Check if swap backing store is full
#   Decrease Java heap size (-Xmx/-Xms)
#   Decrease number of Java threads
#   Decrease Java thread stack sizes (-Xss)
#   Set larger code cache with -XX:ReservedCodeCacheSize=
#   JVM is running with Unscaled Compressed Oops mode in which the Java heap is
#     placed in the first 4GB address space. The Java Heap base address is the
#     maximum limit for the native heap growth. Please use -XX:HeapBaseMinAddress
#     to set the Java Heap base and to place the Java Heap above 4GB virtual address.
# This output file may be truncated or incomplete.
#
#  Out of Memory Error (os_windows.cpp:3535), pid=11444, tid=792
#
# JRE version:  (17.0.4.1+1) (build )
# Java VM: Java HotSpot(TM) 64-Bit Server VM (17.0.4.1+1-LTS-2, mixed mode, sharing, tiered, compressed oops, compressed class ptrs, g1 gc, windows-amd64)
# No core dump will be written. Minidumps are not enabled by default on client versions of Windows
#

---------------  S U M M A R Y ------------

Command Line: -javaagent:C:\Program Files\JetBrains\IntelliJ IDEA Community Edition 2022.2.1\lib\idea_rt.jar=61176:C:\Program Files\JetBrains\IntelliJ IDEA Community Edition 2022.2.1\bin -Dfile.encoding=UTF-8 Main

Host: AMD Ryzen 3 2200G with Radeon Vega Graphics    , 4 cores, 7G,  Windows 10 , 64 bit Build 19041 (10.0.19041.1889)
Time: Tue Sep 13 22:56:57 2022  Windows 10 , 64 bit Build 19041 (10.0.19041.1889) elapsed time: 0.017424 seconds (0d 0h 0m 0s)

---------------  T H R E A D  ---------------

Current thread (0x0000020b513b3440):  JavaThread "Unknown thread" [_thread_in_vm, id=792, stack(0x000000f787600000,0x000000f787700000)]

Stack: [0x000000f787600000,0x000000f787700000]
Native frames: (J=compiled Java code, j=interpreted, Vv=VM code, C=native code)
V  [jvm.dll+0x6723ba]
V  [jvm.dll+0x7d1e34]
V  [jvm.dll+0x7d35de]
V  [jvm.dll+0x7d3c43]
V  [jvm.dll+0x243065]
V  [jvm.dll+0x66f2d9]
V  [jvm.dll+0x663c22]
V  [jvm.dll+0x3011cb]
V  [jvm.dll+0x308766]
V  [jvm.dll+0x35846e]
V  [jvm.dll+0x35869f]
V  [jvm.dll+0x2d83e8]
V  [jvm.dll+0x2d9354]
V  [jvm.dll+0x7a3911]
V  [jvm.dll+0x3662c1]
V  [jvm.dll+0x782d7c]
V  [jvm.dll+0x3e8c1f]
V  [jvm.dll+0x3ea6c1]
C  [jli.dll+0x527b]
C  [ucrtbase.dll+0x21bb2]
C  [KERNEL32.DLL+0x17034]
C  [ntdll.dll+0x52651]


---------------  P R O C E S S  ---------------

Threads class SMR info:
_java_thread_list=0x00007ffb64d9a858, length=0, elements={
}

Java Threads: ( => current thread )

Other Threads:
  0x0000020b5140c7f0 GCTaskThread "GC Thread#0" [stack: 0x000000f787700000,0x000000f787800000] [id=15832]
  0x0000020b51419570 ConcurrentGCThread "G1 Main Marker" [stack: 0x000000f787800000,0x000000f787900000] [id=2772]
  0x0000020b4f1de6f0 ConcurrentGCThread "G1 Conc#0" [stack: 0x000000f787900000,0x000000f787a00000] [id=4812]

[error occurred during error reporting (printing all threads), id 0xc0000005, EXCEPTION_ACCESS_VIOLATION (0xc0000005) at pc=0x00007ffb645e8dd7]

VM state: not at safepoint (not fully initialized)

VM Mutex/Monitor currently owned by a thread:  ([mutex/lock_event])
[0x0000020b513af830] Heap_lock - owner thread: 0x0000020b513b3440

Heap address: 0x0000000081200000, size: 2030 MB, Compressed Oops mode: 32-bit

CDS archive(s) mapped at: [0x0000000000000000-0x0000000000000000-0x0000000000000000), size 0, SharedBaseAddress: 0x0000000800000000, ArchiveRelocationMode: 0.
Narrow klass base: 0x0000000000000000, Narrow klass shift: 0, Narrow klass range: 0x0

GC Precious Log:
<Empty>

Heap:
 garbage-first heap   total 0K, used 0K [0x0000000081200000, 0x0000000100000000)
  region size 1024K, 0 young (0K), 0 survivors (0K)

[error occurred during error reporting (printing heap information), id 0xc0000005, EXCEPTION_ACCESS_VIOLATION (0xc0000005) at pc=0x00007ffb649cb869]

GC Heap History (0 events):
No events

Deoptimization events (0 events):
No events

Classes unloaded (0 events):
No events

Classes redefined (0 events):
No events

Internal exceptions (0 events):
No events

VM Operations (0 events):
No events

Events (1 events):
Event: 0.013 Loaded shared library C:\Program Files\Java\jdk-17.0.4.1\bin\java.dll


Dynamic libraries:
0x00007ff79b590000 - 0x00007ff79b5a0000 	C:\Program Files\Java\jdk-17.0.4.1\bin\java.exe
0x00007ffbd1070000 - 0x00007ffbd1268000 	C:\WINDOWS\SYSTEM32\ntdll.dll
0x00007ffbcfb30000 - 0x00007ffbcfbed000 	C:\WINDOWS\System32\KERNEL32.DLL
0x00007ffbce790000 - 0x00007ffbcea5e000 	C:\WINDOWS\System32\KERNELBASE.dll
0x00007ffbced80000 - 0x00007ffbcee80000 	C:\WINDOWS\System32\ucrtbase.dll
0x00007ffbca210000 - 0x00007ffbca228000 	C:\Program Files\Java\jdk-17.0.4.1\bin\jli.dll
0x00007ffbcff30000 - 0x00007ffbcffde000 	C:\WINDOWS\System32\ADVAPI32.dll
0x00007ffbcfe30000 - 0x00007ffbcfece000 	C:\WINDOWS\System32\msvcrt.dll
0x00007ffbd08e0000 - 0x00007ffbd097c000 	C:\WINDOWS\System32\sechost.dll
0x00007ffbd02a0000 - 0x00007ffbd03c5000 	C:\WINDOWS\System32\RPCRT4.dll
0x00007ffbcfbf0000 - 0x00007ffbcfd90000 	C:\WINDOWS\System32\USER32.dll
0x00007ffbced50000 - 0x00007ffbced72000 	C:\WINDOWS\System32\win32u.dll
0x00007ffbc2e40000 - 0x00007ffbc2e5a000 	C:\Program Files\Java\jdk-17.0.4.1\bin\VCRUNTIME140.dll
0x00007ffbd0ff0000 - 0x00007ffbd101a000 	C:\WINDOWS\System32\GDI32.dll
0x00007ffbcef90000 - 0x00007ffbcf09b000 	C:\WINDOWS\System32\gdi32full.dll
0x00007ffbcee80000 - 0x00007ffbcef1d000 	C:\WINDOWS\System32\msvcp_win.dll
0x00007ffbbda90000 - 0x00007ffbbdd2a000 	C:\WINDOWS\WinSxS\amd64_microsoft.windows.common-controls_6595b64144ccf1df_6.0.19041.1110_none_60b5254171f9507e\COMCTL32.dll
0x00007ffbc6da0000 - 0x00007ffbc6daa000 	C:\WINDOWS\SYSTEM32\VERSION.dll
0x00007ffbd0e90000 - 0x00007ffbd0ec0000 	C:\WINDOWS\System32\IMM32.DLL
0x00007ffbcbff0000 - 0x00007ffbcbffc000 	C:\Program Files\Java\jdk-17.0.4.1\bin\vcruntime140_1.dll
0x00007ffbc2550000 - 0x00007ffbc25dd000 	C:\Program Files\Java\jdk-17.0.4.1\bin\msvcp140.dll
0x00007ffb64300000 - 0x00007ffb64ec2000 	C:\Program Files\Java\jdk-17.0.4.1\bin\server\jvm.dll
0x00007ffbd1020000 - 0x00007ffbd1028000 	C:\WINDOWS\System32\PSAPI.DLL
0x00007ffbae000000 - 0x00007ffbae009000 	C:\WINDOWS\SYSTEM32\WSOCK32.dll
0x00007ffbd01d0000 - 0x00007ffbd023b000 	C:\WINDOWS\System32\WS2_32.dll
0x00007ffbc4150000 - 0x00007ffbc4177000 	C:\WINDOWS\SYSTEM32\WINMM.dll
0x00007ffbcc6b0000 - 0x00007ffbcc6c2000 	C:\WINDOWS\SYSTEM32\kernel.appcore.dll
0x00007ffbcbfd0000 - 0x00007ffbcbfda000 	C:\Program Files\Java\jdk-17.0.4.1\bin\jimage.dll
0x00007ffbb9d80000 - 0x00007ffbb9f64000 	C:\WINDOWS\SYSTEM32\DBGHELP.DLL
0x00007ffbb9d50000 - 0x00007ffbb9d7c000 	C:\WINDOWS\SYSTEM32\dbgcore.DLL
0x00007ffbcecc0000 - 0x00007ffbced42000 	C:\WINDOWS\System32\bcryptPrimitives.dll
0x00007ffbc2de0000 - 0x00007ffbc2dee000 	C:\Program Files\Java\jdk-17.0.4.1\bin\instrument.dll
0x00007ffbc2e10000 - 0x00007ffbc2e35000 	C:\Program Files\Java\jdk-17.0.4.1\bin\java.dll

dbghelp: loaded successfully - version: 4.0.5 - missing functions: none
symbol engine: initialized successfully - sym options: 0x614 - pdb path: .;C:\Program Files\Java\jdk-17.0.4.1\bin;C:\WINDOWS\SYSTEM32;C:\WINDOWS\WinSxS\amd64_microsoft.windows.common-controls_6595b64144ccf1df_6.0.19041.1110_none_60b5254171f9507e;C:\Program Files\Java\jdk-17.0.4.1\bin\server

VM Arguments:
jvm_args: -javaagent:C:\Program Files\JetBrains\IntelliJ IDEA Community Edition 2022.2.1\lib\idea_rt.jar=61176:C:\Program Files\JetBrains\IntelliJ IDEA Community Edition 2022.2.1\bin -Dfile.encoding=UTF-8 
java_command: Main
java_class_path (initial): C:\Users\Іван\IdeaProjects\ProgAcademy_ZhyrykIV\out\production\ProgAcademy_ZhyrykIV
Launcher Type: SUN_STANDARD

[Global flags]
     intx CICompilerCount                          = 3                                         {product} {ergonomic}
     uint ConcGCThreads                            = 1                                         {product} {ergonomic}
     uint G1ConcRefinementThreads                  = 4                                         {product} {ergonomic}
   size_t G1HeapRegionSize                         = 1048576                                   {product} {ergonomic}
    uintx GCDrainStackTargetSize                   = 64                                        {product} {ergonomic}
   size_t InitialHeapSize                          = 134217728                                 {product} {ergonomic}
   size_t MarkStackSize                            = 4194304                                   {product} {ergonomic}
   size_t MaxHeapSize                              = 2128609280                                {product} {ergonomic}
   size_t MinHeapDeltaBytes                        = 1048576                                   {product} {ergonomic}
   size_t MinHeapSize                              = 8388608                                   {product} {ergonomic}
    uintx NonNMethodCodeHeapSize                   = 5832780                                {pd product} {ergonomic}
    uintx NonProfiledCodeHeapSize                  = 122912730                              {pd product} {ergonomic}
    uintx ProfiledCodeHeapSize                     = 122912730                              {pd product} {ergonomic}
    uintx ReservedCodeCacheSize                    = 251658240                              {pd product} {ergonomic}
     bool SegmentedCodeCache                       = true                                      {product} {ergonomic}
   size_t SoftMaxHeapSize                          = 2128609280                             {manageable} {ergonomic}
     bool UseCompressedClassPointers               = true                           {product lp64_product} {ergonomic}
     bool UseCompressedOops                        = true                           {product lp64_product} {ergonomic}
     bool UseG1GC                                  = true                                      {product} {ergonomic}
     bool UseLargePagesIndividualAllocation        = false                                  {pd product} {ergonomic}

Logging:
Log output configuration:
 #0: stdout all=warning uptime,level,tags
 #1: stderr all=off uptime,level,tags

Environment Variables:
PATH=C:\Program Files\Common Files\Oracle\Java\javapath;C:\Program Files (x86)\PC Connectivity Solution\;C:\WINDOWS\system32;C:\WINDOWS;C:\WINDOWS\System32\Wbem;C:\WINDOWS\System32\WindowsPowerShell\v1.0\;C:\Program Files (x86)\ATI Technologies\ATI.ACE\Core-Static;C:\Program Files (x86)\Skype\Phone\;C:\Program Files (x86)\AMD\ATI.ACE\Core-Static;C:\WINDOWS\System32\OpenSSH\;C:\Program Files\Docker\Docker\resources\bin;C:\ProgramData\DockerDesktop\version-bin;C:\Program Files (x86)\Common Files\Avid;C:\Program Files\Common Files\Avid;C:\Program Files (x86)\NVIDIA Corporation\PhysX\Common;C:\Program Files\NVIDIA Corporation\NVIDIA NvDLISR;C:\Users\Іван\AppData\Local\Microsoft\WindowsApps;;C:\Users\Іван\AppData\Local\Programs\Microsoft VS Code\bin
USERNAME=Іван
OS=Windows_NT
PROCESSOR_IDENTIFIER=AMD64 Family 23 Model 17 Stepping 0, AuthenticAMD



---------------  S Y S T E M  ---------------

OS:
 Windows 10 , 64 bit Build 19041 (10.0.19041.1889)
OS uptime: 1 days 1:00 hours

CPU: total 4 (initial active 4) (4 cores per cpu, 1 threads per core) family 23 model 17 stepping 0 microcode 0x0, cx8, cmov, fxsr, mmx, 3dnowpref, sse, sse2, sse3, ssse3, sse4a, sse4.1, sse4.2, popcnt, lzcnt, tsc, tscinvbit, avx, avx2, aes, clmul, bmi1, bmi2, adx, sha, fma, vzeroupper, clflush, clflushopt

Memory: 4k page, system-wide physical 8117M (1404M free)
TotalPageFile size 12213M (AvailPageFile size 98M)
current process WorkingSet (physical memory assigned to process): 10M, peak: 10M
current process commit charge ("private bytes"): 51M, peak: 179M

vm_info: Java HotSpot(TM) 64-Bit Server VM (17.0.4.1+1-LTS-2) for windows-amd64 JRE (17.0.4.1+1-LTS-2), built on Aug 16 2022 18:32:06 by "mach5one" with MS VC++ 16.8 / 16.9 (VS2019)

END.
